# JRE version: Java(TM) SE Runtime Environment (8.0_201-b09) (build 1.8.0_201-b09)
# Java VM: Java HotSpot(TM) 64-Bit Server VM (25.201-b09 mixed mode windows-amd64 compressed oops)
Heap:
 PSYoungGen      total 313344K, used 210200K [0x00000000daf00000, 0x00000000f1400000, 0x0000000100000000)
  eden space 311808K, 67% used [0x00000000daf00000,0x00000000e7c46150,0x00000000edf80000)
  from space 1536K, 0% used [0x00000000ef780000,0x00000000ef780000,0x00000000ef900000)
  to   space 14848K, 40% used [0x00000000f0580000,0x00000000f0b54c78,0x00000000f1400000)
 ParOldGen       total 112128K, used 23598K [0x0000000090c00000, 0x0000000097980000, 0x00000000daf00000)
  object space 112128K, 21% used [0x0000000090c00000,0x000000009230b868,0x0000000097980000)
 Metaspace       used 59445K, capacity 61685K, committed 61912K, reserved 1103872K
  class space    used 7455K, capacity 7833K, committed 7896K, reserved 1048576K
GC Heap History (10 events):
Event: 1219.833 GC heap after
Heap after GC invocations=19 (full 3):
 PSYoungGen      total 339968K, used 1152K [0x00000000daf00000, 0x00000000f2380000, 0x0000000100000000)
  eden space 338432K, 0% used [0x00000000daf00000,0x00000000daf00000,0x00000000ef980000)
  from space 1536K, 75% used [0x00000000f2200000,0x00000000f2320000,0x00000000f2380000)
  to   space 15872K, 0% used [0x00000000f0480000,0x00000000f0480000,0x00000000f1400000)
 ParOldGen       total 112128K, used 32147K [0x0000000090c00000, 0x0000000097980000, 0x00000000daf00000)
  object space 112128K, 28% used [0x0000000090c00000,0x0000000092b64d98,0x0000000097980000)
 Metaspace       used 58444K, capacity 60723K, committed 60888K, reserved 1101824K
  class space    used 7423K, capacity 7818K, committed 7896K, reserved 1048576K
}
Event: 1527.744 GC heap before
{Heap before GC invocations=20 (full 3):
 PSYoungGen      total 339968K, used 339584K [0x00000000daf00000, 0x00000000f2380000, 0x0000000100000000)
  eden space 338432K, 100% used [0x00000000daf00000,0x00000000ef980000,0x00000000ef980000)
  from space 1536K, 75% used [0x00000000f2200000,0x00000000f2320000,0x00000000f2380000)
  to   space 15872K, 0% used [0x00000000f0480000,0x00000000f0480000,0x00000000f1400000)
 ParOldGen       total 112128K, used 32147K [0x0000000090c00000, 0x0000000097980000, 0x00000000daf00000)
  object space 112128K, 28% used [0x0000000090c00000,0x0000000092b64d98,0x0000000097980000)
 Metaspace       used 58448K, capacity 60787K, committed 60888K, reserved 1101824K
  class space    used 7423K, capacity 7818K, committed 7896K, reserved 1048576K
Event: 1527.753 GC heap after
Heap after GC invocations=20 (full 3):
 PSYoungGen      total 326144K, used 1168K [0x00000000daf00000, 0x00000000f2280000, 0x0000000100000000)
  eden space 324608K, 0% used [0x00000000daf00000,0x00000000daf00000,0x00000000eec00000)
  from space 1536K, 76% used [0x00000000f0480000,0x00000000f05a4010,0x00000000f0600000)
  to   space 15360K, 0% used [0x00000000f1380000,0x00000000f1380000,0x00000000f2280000)
 ParOldGen       total 112128K, used 32147K [0x0000000090c00000, 0x0000000097980000, 0x00000000daf00000)
  object space 112128K, 28% used [0x0000000090c00000,0x0000000092b64d98,0x0000000097980000)
 Metaspace       used 58448K, capacity 60787K, committed 60888K, reserved 1101824K
  class space    used 7423K, capacity 7818K, committed 7896K, reserved 1048576K
}
Event: 1824.828 GC heap before
{Heap before GC invocations=21 (full 3):
 PSYoungGen      total 326144K, used 325776K [0x00000000daf00000, 0x00000000f2280000, 0x0000000100000000)
  eden space 324608K, 100% used [0x00000000daf00000,0x00000000eec00000,0x00000000eec00000)
  from space 1536K, 76% used [0x00000000f0480000,0x00000000f05a4010,0x00000000f0600000)
  to   space 15360K, 0% used [0x00000000f1380000,0x00000000f1380000,0x00000000f2280000)
 ParOldGen       total 112128K, used 32147K [0x0000000090c00000, 0x0000000097980000, 0x00000000daf00000)
  object space 112128K, 28% used [0x0000000090c00000,0x0000000092b64d98,0x0000000097980000)
 Metaspace       used 58480K, capacity 60799K, committed 60888K, reserved 1101824K
  class space    used 7425K, capacity 7820K, committed 7896K, reserved 1048576K
Event: 1824.838 GC heap after
Heap after GC invocations=21 (full 3):
 PSYoungGen      total 313856K, used 1648K [0x00000000daf00000, 0x00000000f1580000, 0x0000000100000000)
  eden space 311808K, 0% used [0x00000000daf00000,0x00000000daf00000,0x00000000edf80000)
  from space 2048K, 80% used [0x00000000f1380000,0x00000000f151c0f0,0x00000000f1580000)
  to   space 15360K, 0% used [0x00000000ef780000,0x00000000ef780000,0x00000000f0680000)
 ParOldGen       total 112128K, used 32155K [0x0000000090c00000, 0x0000000097980000, 0x00000000daf00000)
  object space 112128K, 28% used [0x0000000090c00000,0x0000000092b66d98,0x0000000097980000)
 Metaspace       used 58480K, capacity 60799K, committed 60888K, reserved 1101824K
  class space    used 7425K, capacity 7820K, committed 7896K, reserved 1048576K
}
Event: 1905.527 GC heap before
{Heap before GC invocations=22 (full 3):
 PSYoungGen      total 313856K, used 99275K [0x00000000daf00000, 0x00000000f1580000, 0x0000000100000000)
  eden space 311808K, 31% used [0x00000000daf00000,0x00000000e0e56e08,0x00000000edf80000)
  from space 2048K, 80% used [0x00000000f1380000,0x00000000f151c0f0,0x00000000f1580000)
  to   space 15360K, 0% used [0x00000000ef780000,0x00000000ef780000,0x00000000f0680000)
 ParOldGen       total 112128K, used 32155K [0x0000000090c00000, 0x0000000097980000, 0x00000000daf00000)
  object space 112128K, 28% used [0x0000000090c00000,0x0000000092b66d98,0x0000000097980000)
 Metaspace       used 58574K, capacity 60841K, committed 61144K, reserved 1101824K
  class space    used 7435K, capacity 7828K, committed 7896K, reserved 1048576K
Event: 1905.539 GC heap after
Heap after GC invocations=22 (full 3):
 PSYoungGen      total 313344K, used 1376K [0x00000000daf00000, 0x00000000f1400000, 0x0000000100000000)
  eden space 311808K, 0% used [0x00000000daf00000,0x00000000daf00000,0x00000000edf80000)
  from space 1536K, 89% used [0x00000000ef780000,0x00000000ef8d8080,0x00000000ef900000)
  to   space 14848K, 0% used [0x00000000f0580000,0x00000000f0580000,0x00000000f1400000)
 ParOldGen       total 112128K, used 32163K [0x0000000090c00000, 0x0000000097980000, 0x00000000daf00000)
  object space 112128K, 28% used [0x0000000090c00000,0x0000000092b68d98,0x0000000097980000)
 Metaspace       used 58574K, capacity 60841K, committed 61144K, reserved 1101824K
  class space    used 7435K, capacity 7828K, committed 7896K, reserved 1048576K
}
Event: 1905.539 GC heap before
{Heap before GC invocations=23 (full 4):
 PSYoungGen      total 313344K, used 1376K [0x00000000daf00000, 0x00000000f1400000, 0x0000000100000000)
  eden space 311808K, 0% used [0x00000000daf00000,0x00000000daf00000,0x00000000edf80000)
  from space 1536K, 89% used [0x00000000ef780000,0x00000000ef8d8080,0x00000000ef900000)
  to   space 14848K, 0% used [0x00000000f0580000,0x00000000f0580000,0x00000000f1400000)
 ParOldGen       total 112128K, used 32163K [0x0000000090c00000, 0x0000000097980000, 0x00000000daf00000)
  object space 112128K, 28% used [0x0000000090c00000,0x0000000092b68d98,0x0000000097980000)
 Metaspace       used 58574K, capacity 60841K, committed 61144K, reserved 1101824K
  class space    used 7435K, capacity 7828K, committed 7896K, reserved 1048576K
Event: 1905.819 GC heap after
Heap after GC invocations=23 (full 4):
 PSYoungGen      total 313344K, used 0K [0x00000000daf00000, 0x00000000f1400000, 0x0000000100000000)
  eden space 311808K, 0% used [0x00000000daf00000,0x00000000daf00000,0x00000000edf80000)
  from space 1536K, 0% used [0x00000000ef780000,0x00000000ef780000,0x00000000ef900000)
  to   space 14848K, 0% used [0x00000000f0580000,0x00000000f0580000,0x00000000f1400000)
 ParOldGen       total 112128K, used 23590K [0x0000000090c00000, 0x0000000097980000, 0x00000000daf00000)
  object space 112128K, 21% used [0x0000000090c00000,0x0000000092309868,0x0000000097980000)
 Metaspace       used 58275K, capacity 60375K, committed 61144K, reserved 1101824K
  class space    used 7389K, capacity 7745K, committed 7896K, reserved 1048576K
}
Event: 1919.140 GC heap before
{Heap before GC invocations=24 (full 4):
 PSYoungGen      total 313344K, used 210200K [0x00000000daf00000, 0x00000000f1400000, 0x0000000100000000)
  eden space 311808K, 67% used [0x00000000daf00000,0x00000000e7c46150,0x00000000edf80000)
  from space 1536K, 0% used [0x00000000ef780000,0x00000000ef780000,0x00000000ef900000)
  to   space 14848K, 0% used [0x00000000f0580000,0x00000000f0580000,0x00000000f1400000)
 ParOldGen       total 112128K, used 23590K [0x0000000090c00000, 0x0000000097980000, 0x00000000daf00000)
  object space 112128K, 21% used [0x0000000090c00000,0x0000000092309868,0x0000000097980000)
 Metaspace       used 59445K, capacity 61685K, committed 61912K, reserved 1103872K
  class space    used 7455K, capacity 7833K, committed 7896K, reserved 1048576K

